<?xml version="1.0" encoding="UTF-8"?>
<!-- Generated by org.testng.reporters.JUnitXMLReporter -->
<testsuite ignored="0" hostname="LAPTOP-Q1PL3S50" failures="0" tests="6" name="Test" time="0.055" errors="0" timestamp="2024-03-28T22:22:09 IST">
  <testcase classname="loanDepartment.PersonalLoan" name="hl1" time="0.007"/>
  <testcase classname="loanDepartment.PersonalLoan" name="hl2" time="0.001"/>
  <testcase classname="loanDepartment.HomeLoan" name="hl1" time="0.001"/>
  <testcase classname="loanDepartment.HomeLoan" name="hl2" time="0.001"/>
  <testcase classname="loanDepartment.CarLoan" name="hl1" time="0.001"/>
  <testcase classname="loanDepartment.CarLoan" name="hl2" time="0.0"/>
</testsuite> <!-- Test -->
